---
[hero] loading http://127.0.0.1:4330/
  WebGPU available: true adapter: {"ok":true}
  adapter deep: {"ok":true}
  settling for 9.0s...
  measured fps (windows): 60.7 / 60.1 -> best 60.7
  screenshot: /Users/montabano1/Desktop/SplatForge/.wt-renderer-unify/tasks/renderer-unify-proof/hero.png
---
[optimize-tryit-preview] loading http://127.0.0.1:4330/preview-hero.html?src=/hero-scene/scene.gltf
  WebGPU available: true adapter: {"ok":true}
  adapter deep: {"ok":true}
  settling for 9.0s...
  measured fps (windows): 60.5 / 60.1 -> best 60.5
  screenshot: /Users/montabano1/Desktop/SplatForge/.wt-renderer-unify/tasks/renderer-unify-proof/optimize-tryit-preview.png
---
[scale] loading http://127.0.0.1:4330/scale
  WebGPU available: true adapter: {"ok":true}
  adapter deep: {"ok":true}
  settling for 12.0s...
  measured fps (windows): 15.8 / 60.6 -> best 60.6
  screenshot: /Users/montabano1/Desktop/SplatForge/.wt-renderer-unify/tasks/renderer-unify-proof/scale.png

=== SUMMARY ===
PASS  hero: 60.7 fps  canvas=true  webgpu=true
PASS  optimize-tryit-preview: 60.5 fps  canvas=true  webgpu=true
PASS  scale: 60.6 fps  canvas=true  webgpu=true
