---
[hero] loading http://127.0.0.1:4330/
  WebGPU available: true adapter: {"ok":true}
  adapter deep: {"ok":true}
  settling for 15.0s...
  measured fps (windows): 60.5 / 60.2 -> best 60.5
  WARN: screenshot failed: page.screenshot: Timeout 10000ms exceeded.
Call log:
[2m  - taking page screenshot[22m
[2m    - disabled all CSS animations[22m
[2m  - waiting for fonts to load...[22m
[2m  - fonts loaded[22m

---
[optimize-tryit-preview] loading http://127.0.0.1:4330/preview-hero.html?src=/hero-scene/scene.gltf&framing=0.85
  WebGPU available: true adapter: {"ok":true}
  adapter deep: {"ok":true}
  settling for 15.0s...
  measured fps (windows): 60.4 / 60.9 -> best 60.9
  screenshot: /Users/montabano1/Desktop/SplatForge/.wt-renderer-unify/tasks/renderer-unify-proof/optimize-tryit-preview.png
---
[scale] loading http://127.0.0.1:4330/scale
  WebGPU available: true adapter: {"ok":true}
  adapter deep: {"ok":true}
  settling for 45.0s...
node:internal/modules/run_main:107
    triggerUncaughtException(
    ^

page.waitForTimeout: Target page, context or browser has been closed
    at /Users/montabano1/Desktop/SplatForge/.wt-renderer-unify/tasks/scripts/verify-renderer.mjs:177:16

Node.js v25.9.0
